D:\PROJECTS\TESTBOTVS2012\READBOT\DEBUG\READ_BOT.OBJ
D:\PROJECTS\TESTBOTVS2012\READBOT\DEBUG\VC110.PDB
D:\PROJECTS\TESTBOTVS2012\DEBUG\READBOT.ILK
D:\PROJECTS\TESTBOTVS2012\DEBUG\READBOT.EXE
D:\PROJECTS\TESTBOTVS2012\DEBUG\READBOT.PDB
D:\Projects\TestBotVS2012\ReadBot\Debug\Read_Bot.obj
D:\Projects\TestBotVS2012\ReadBot\Debug\cl.command.1.tlog
D:\Projects\TestBotVS2012\ReadBot\Debug\CL.read.1.tlog
D:\Projects\TestBotVS2012\ReadBot\Debug\CL.write.1.tlog
D:\Projects\TestBotVS2012\ReadBot\Debug\link-cvtres.read.1.tlog
D:\Projects\TestBotVS2012\ReadBot\Debug\link-cvtres.write.1.tlog
D:\Projects\TestBotVS2012\ReadBot\Debug\link-rc.read.1.tlog
D:\Projects\TestBotVS2012\ReadBot\Debug\link-rc.write.1.tlog
D:\Projects\TestBotVS2012\ReadBot\Debug\link.command.1.tlog
D:\Projects\TestBotVS2012\ReadBot\Debug\link.read.1.tlog
D:\Projects\TestBotVS2012\ReadBot\Debug\link.write.1.tlog
D:\Projects\TestBotVS2012\ReadBot\Debug\vc110.idb
D:\Projects\TestBotVS2012\ReadBot\Debug\vc110.pdb
D:\Projects\TestBotVS2012\Debug\ReadBot.pdb
D:\Projects\TestBotVS2012\Debug\ReadBot.exe
D:\Projects\TestBotVS2012\Debug\ReadBot.ilk
